<?xml version="1.0" encoding="UTF-8"?>
<!-- Generated by org.testng.reporters.JUnitReportReporter -->
<testsuite hostname="Sathaga" name="automationScenarios.FlipKartAddToCart" tests="1" failures="0" timestamp="17 Apr 2022 11:30:15 GMT" time="20.418" errors="0">
  <testcase name="verifyAddToCartInFlipkart" time="20.418" classname="automationScenarios.FlipKartAddToCart"/>
</testsuite> <!-- automationScenarios.FlipKartAddToCart -->
