<?xml version="1.0" encoding="UTF-8"?>
<!-- Generated by org.testng.reporters.JUnitReportReporter -->
<testsuite hostname="Sathaga" name="com.yatra.YatraTest002" tests="1" failures="0" timestamp="11 Dec 2021 16:38:53 GMT" time="109.369" errors="0">
  <testcase name="yatraBookingValidationTest" time="109.369" classname="com.yatra.YatraTest002"/>
</testsuite> <!-- com.yatra.YatraTest002 -->
