<?xml version="1.0" encoding="UTF-8"?>
<!-- Generated by org.testng.reporters.JUnitReportReporter -->
<testsuite hostname="Sathaga" name="javaForTesters.AssertCookies" tests="1" failures="0" timestamp="31 Jan 2022 16:54:39 GMT" time="12.523" errors="0">
  <testcase name="getCookiesAndAssertThe" time="12.523" classname="javaForTesters.AssertCookies"/>
</testsuite> <!-- javaForTesters.AssertCookies -->
