<?xml version="1.0" encoding="UTF-8"?>
<!-- Generated by org.testng.reporters.JUnitReportReporter -->
<testsuite hostname="Sathaga" name="javaForTesters.AlternateGetText" tests="1" failures="0" timestamp="25 Jan 2022 17:18:34 GMT" time="8.015" errors="0">
  <testcase name="alternateWayToGetTextOfWebElement" time="8.015" classname="javaForTesters.AlternateGetText"/>
</testsuite> <!-- javaForTesters.AlternateGetText -->
