<?xml version="1.0" encoding="UTF-8"?>
<!-- Generated by org.testng.reporters.JUnitReportReporter -->
<testsuite hostname="Sathaga" name="testNGframework.FirstTest" tests="2" failures="0" timestamp="10 Feb 2022 16:26:36 GMT" time="0.036" errors="0">
  <testcase name="CustomerloginTestOne" time="0.029" classname="testNGframework.FirstTest"/>
  <testcase name="CustomerloginTestTwo" time="0.007" classname="testNGframework.FirstTest"/>
</testsuite> <!-- testNGframework.FirstTest -->
