<?xml version="1.0" encoding="UTF-8"?>
<!-- Generated by org.testng.reporters.JUnitReportReporter -->
<testsuite hostname="Sathaga" name="com.yatra.GetDropDownOptions" tests="1" failures="0" timestamp="24 Mar 2022 17:59:19 GMT" time="14.842" errors="0">
  <testcase name="getAmazonAllSearchOptions" time="14.842" classname="com.yatra.GetDropDownOptions"/>
</testsuite> <!-- com.yatra.GetDropDownOptions -->
