<?xml version="1.0" encoding="UTF-8"?>
<!-- Generated by org.testng.reporters.JUnitReportReporter -->
<testsuite hostname="Sathaga" name="javaForTesters.RandomClarification" tests="1" failures="0" timestamp="10 Feb 2022 13:59:34 GMT" time="0.049" errors="0">
  <testcase name="clarifyOne" time="0.049" classname="javaForTesters.RandomClarification"/>
</testsuite> <!-- javaForTesters.RandomClarification -->
