<?xml version="1.0" encoding="UTF-8"?>
<!-- Generated by org.testng.reporters.JUnitReportReporter -->
<testsuite hostname="Sathaga" name="javaForTesters.PrintDriverCapabilities" tests="1" failures="0" timestamp="26 Jan 2022 12:27:34 GMT" time="35.902" errors="0">
  <testcase name="getAllDriverCapabilities" time="35.902" classname="javaForTesters.PrintDriverCapabilities"/>
</testsuite> <!-- javaForTesters.PrintDriverCapabilities -->
