<?xml version="1.0" encoding="UTF-8"?>
<!-- Generated by org.testng.reporters.JUnitReportReporter -->
<testsuite hostname="Sathaga" name="seleniumBasic.ReadDataFromPDF" tests="1" failures="0" timestamp="3 Dec 2021 12:18:13 GMT" time="20.192" errors="0">
  <testcase name="readPDFfromBrowser" time="20.192" classname="seleniumBasic.ReadDataFromPDF"/>
</testsuite> <!-- seleniumBasic.ReadDataFromPDF -->
