<?xml version="1.0" encoding="UTF-8"?>
<!-- Generated by org.testng.reporters.JUnitReportReporter -->
<testsuite hostname="Sathaga" name="testNGframework.SecondTest" tests="2" failures="0" timestamp="10 Feb 2022 16:26:37 GMT" time="0.003" errors="0">
  <testcase name="CustomerOrderPlace" time="0.001" classname="testNGframework.SecondTest"/>
  <testcase name="CustomerPaymentDone" time="0.002" classname="testNGframework.SecondTest"/>
</testsuite> <!-- testNGframework.SecondTest -->
