<?xml version="1.0" encoding="UTF-8"?>
<!-- Generated by org.testng.reporters.JUnitReportReporter -->
<testsuite hostname="Sathaga" name="seleniumBasic.TestngSample" tests="2" failures="0" timestamp="4 Dec 2021 11:08:19 GMT" time="28.606" errors="0">
  <testcase name="FacebookSignUpTest" time="14.293" classname="seleniumBasic.TestngSample"/>
  <testcase name="FacebookImageTest" time="14.313" classname="seleniumBasic.TestngSample"/>
</testsuite> <!-- seleniumBasic.TestngSample -->
