<?xml version="1.0" encoding="UTF-8"?>
<!-- Generated by org.testng.reporters.JUnitReportReporter -->
<testsuite hostname="Sathaga" name="javaForTesters.AssertionsUsingAssetJ" tests="1" failures="0" timestamp="11 Feb 2022 16:45:29 GMT" time="0.178" errors="0">
  <testcase name="testValidation" time="0.178" classname="javaForTesters.AssertionsUsingAssetJ"/>
</testsuite> <!-- javaForTesters.AssertionsUsingAssetJ -->
