<?xml version="1.0" encoding="UTF-8"?>
<!-- Generated by org.testng.reporters.JUnitReportReporter -->
<testsuite skipped="0" hostname="Sathaga" name="seleniumBasic.TestngSample" tests="2" failures="0" timestamp="14 Dec 2021 13:49:40 GMT" time="28.756" errors="0">
  <testcase name="FacebookSignUpTest" time="16.565" classname="seleniumBasic.TestngSample"/>
  <testcase name="FacebookImageTest" time="12.191" classname="seleniumBasic.TestngSample"/>
</testsuite> <!-- seleniumBasic.TestngSample -->
